<?xml version="1.0" encoding="UTF-8"?>
<!-- Generated by org.testng.reporters.JUnitXMLReporter -->
<testsuite ignored="0" hostname="welcome" failures="0" tests="3" name="Test" time="0.064" errors="0" timestamp="2021-08-25T11:25:40 IST">
  <testcase classname="PolicyBazar.AutoPolicy.AppTest" name="shouldAnswerWithTrue" time="0.006"/>
  <testcase classname="PolicyBazar.AutoPolicy.PolicyTest" name="manner" time="0.001"/>
  <testcase classname="PolicyBazar.AutoPolicy.Hello" name="printaMe" time="0.001"/>
</testsuite> <!-- Test -->
