<?xml version="1.0" encoding="UTF-8"?>
<testsuite xmlns:xsi="http://www.w3.org/2001/XMLSchema-instance" xsi:noNamespaceSchemaLocation="https://maven.apache.org/surefire/maven-surefire-plugin/xsd/surefire-test-report-3.0.xsd" version="3.0" name="TestSuite" time="0.859" tests="3" errors="0" skipped="0" failures="0">
  <properties>
[...]
</properties>
  <testcase name="shouldAnswerWithTrue" classname="PolicyBazar.AutoPolicy.AppTest" time="0.032">
    <system-out><![CDATA[System.currentTimeMillis()
1629870940907
]]></system-out>
  </testcase>
  <testcase name="manner" classname="PolicyBazar.AutoPolicy.PolicyTest" time="0.031">
    <system-out><![CDATA[PolicyTest1
PolicyTest2
]]></system-out>
  </testcase>
  <testcase name="printaMe" classname="PolicyBazar.AutoPolicy.Hello" time="0.003">
    <system-out><![CDATA[Hello class
]]></system-out>
  </testcase>
</testsuite>